fileexport/build/outputs/logs/manifest-merger-debug-report.txt
-- Merging decision tree log ---
manifest
ADDED from src\main\AndroidManifest.xml:1:1-18:12
INJECTED from src\main\AndroidManifest.xml:1:1-18:12
INJECTED from src\main\AndroidManifest.xml:1:1-18:12
INJECTED from src\main\AndroidManifest.xml:1:1-18:12
INJECTED from src\main\AndroidManifest.xml:1:1-18:12
INJECTED from src\main\AndroidManifest.xml:1:1-18:12
INJECTED from src\main\AndroidManifest.xml:1:1-18:12
	package
		ADDED from src\main\AndroidManifest.xml:2:5-37
		INJECTED from src\main\AndroidManifest.xml
		INJECTED from src\main\AndroidManifest.xml
	android:versionName
		INJECTED from src\main\AndroidManifest.xml
		ADDED from src\main\AndroidManifest.xml:1:1-18:12
		INJECTED from src\main\AndroidManifest.xml
	android:versionCode
		INJECTED from src\main\AndroidManifest.xml
		ADDED from src\main\AndroidManifest.xml:1:1-18:12
		INJECTED from src\main\AndroidManifest.xml
	xmlns:android
		ADDED from src\main\AndroidManifest.xml:1:11-69
application
ADDED from src\main\AndroidManifest.xml:4:5-16:19
	android:supportsRtl
		ADDED from src\main\AndroidManifest.xml:7:9-35
	android:label
		ADDED from src\main\AndroidManifest.xml:6:9-41
	android:allowBackup
		ADDED from src\main\AndroidManifest.xml:5:9-35
activity#com.huajie.fileexport.activity.FilesActivity
ADDED from src\main\AndroidManifest.xml:8:9-11:20
	android:screenOrientation
		ADDED from src\main\AndroidManifest.xml:10:13-49
	android:name
		ADDED from src\main\AndroidManifest.xml:9:13-72
activity#com.huajie.fileexport.activity.FileSortActivity
ADDED from src\main\AndroidManifest.xml:12:9-15:20
	android:screenOrientation
		ADDED from src\main\AndroidManifest.xml:14:13-49
	android:name
		ADDED from src\main\AndroidManifest.xml:13:13-75
uses-sdk
INJECTED from src\main\AndroidManifest.xml reason: use-sdk injection requested
INJECTED from src\main\AndroidManifest.xml
INJECTED from src\main\AndroidManifest.xml
INJECTED from src\main\AndroidManifest.xml
INJECTED from src\main\AndroidManifest.xml
	android:targetSdkVersion
		INJECTED from src\main\AndroidManifest.xml
		ADDED from src\main\AndroidManifest.xml
		INJECTED from src\main\AndroidManifest.xml
	android:minSdkVersion
		INJECTED from src\main\AndroidManifest.xml
		ADDED from src\main\AndroidManifest.xml
		INJECTED from src\main\AndroidManifest.xml